<?xml version="1.0" encoding="utf-8"?><testsuites name="pytest tests"><testsuite name="pytest" errors="0" failures="1" skipped="0" tests="45" time="16.959" timestamp="2026-08-06T02:01:39.475945+00:00" hostname="agent-env-851dab58-0651-4897-a1a3-8c4458a8ee90"><testcase classname="tests.backend_test.TestPublic" name="test_api_root" time="0.232" /><testcase classname="tests.backend_test.TestPublic" name="test_categories_seeded" time="0.126" /><testcase classname="tests.backend_test.TestPublic" name="test_products_list_seeded" time="0.096" /><testcase classname="tests.backend_test.TestPublic" name="test_product_detail" time="0.122" /><testcase classname="tests.backend_test.TestPublic" name="test_product_detail_404" time="0.112" /><testcase classname="tests.backend_test.TestPublic" name="test_products_sort[popular]" time="0.130" /><testcase classname="tests.backend_test.TestPublic" name="test_products_sort[price-low]" time="0.104" /><testcase classname="tests.backend_test.TestPublic" name="test_products_sort[price-high]" time="0.099" /><testcase classname="tests.backend_test.TestPublic" name="test_products_sort[rating]" time="0.102" /><testcase classname="tests.backend_test.TestPublic" name="test_products_sort[newest]" time="0.107" /><testcase classname="tests.backend_test.TestPublic" name="test_products_filter_organic" time="0.112" /><testcase classname="tests.backend_test.TestPublic" name="test_products_filter_maxprice" time="0.101" /><testcase classname="tests.backend_test.TestPublic" name="test_products_filter_category" time="0.107" /><testcase classname="tests.backend_test.TestPublic" name="test_products_search" time="0.129" /><testcase classname="tests.backend_test.TestAuth" name="test_login_admin" time="0.322" /><testcase classname="tests.backend_test.TestAuth" name="test_login_customer" time="0.325" /><testcase classname="tests.backend_test.TestAuth" name="test_login_farmer" time="0.339" /><testcase classname="tests.backend_test.TestAuth" name="test_login_wrong_password" time="0.354" /><testcase classname="tests.backend_test.TestAuth" name="test_register_and_me_and_duplicate" time="0.530" /><testcase classname="tests.backend_test.TestAuth" name="test_me_unauthenticated" time="0.100" /><testcase classname="tests.backend_test.TestAuth" name="test_logout" time="0.403" /><testcase classname="tests.backend_test.TestAuth" name="test_bcrypt_hash_format" time="0.423" /><testcase classname="tests.backend_test.TestCart" name="test_cart_flow" time="0.876" /><testcase classname="tests.backend_test.TestCart" name="test_wishlist_toggle" time="0.238" /><testcase classname="tests.backend_test.TestFarmerProducts" name="test_customer_cannot_create" time="0.102" /><testcase classname="tests.backend_test.TestFarmerProducts" name="test_farmer_create_and_list" time="0.623" /><testcase classname="tests.backend_test.TestFarmerProducts" name="test_other_farmer_cannot_update_or_delete" time="0.460" /><testcase classname="tests.backend_test.TestFarmerProducts" name="test_customer_cannot_delete" time="0.076" /><testcase classname="tests.backend_test.TestFarmerProducts" name="test_owner_update_and_delete" time="0.335" /><testcase classname="tests.backend_test.TestOrders" name="test_create_order_cod" time="0.515" /><testcase classname="tests.backend_test.TestOrders" name="test_create_order_upi" time="0.361" /><testcase classname="tests.backend_test.TestOrders" name="test_create_order_razorpay_disabled" time="0.315" /><testcase classname="tests.backend_test.TestOrders" name="test_order_cancel_owner" time="0.403" /><testcase classname="tests.backend_test.TestOrders" name="test_order_status_by_farmer" time="0.463" /><testcase classname="tests.backend_test.TestOrders" name="test_empty_cart_order_fails" time="0.156" /><testcase classname="tests.backend_test.TestAI" name="test_price_predict" time="1.716" /><testcase classname="tests.backend_test.TestAI" name="test_chat_stream" time="1.173" /><testcase classname="tests.backend_test.TestAI" name="test_recommend" time="2.681" /><testcase classname="tests.backend_test.TestAdmin" name="test_admin_stats" time="0.372" /><testcase classname="tests.backend_test.TestAdmin" name="test_admin_stats_forbidden_for_customer" time="0.078" /><testcase classname="tests.backend_test.TestAdmin" name="test_admin_farmers_and_verify" time="0.096" /><testcase classname="tests.backend_test.TestAdmin" name="test_farmer_stats" time="0.074" /><testcase classname="tests.backend_test.TestUpload" name="test_upload_requires_auth" time="0.118" /><testcase classname="tests.backend_test.TestUpload" name="test_upload_and_fetch" time="1.032" /><testcase classname="tests.backend_test.TestCORS" name="test_cors_allows_frontend_origin" time="0.078"><failure message="AssertionError: assert '' == 'true'&#10;  &#10;  - true">backend/tests/backend_test.py:458: in test_cors_allows_frontend_origin
    assert allow_creds.lower() == "true"
E   AssertionError: assert '' == 'true'
E     
E     - true</failure></testcase></testsuite></testsuites>